<?xml version="1.0" encoding="UTF-8"?>
<!-- Generated by org.testng.reporters.JUnitReportReporter -->
<testsuite hostname="DESKTOP-GMMHS1E" failures="0" tests="1" name="academySite.ValidDataNavigationBar" time="5.086" errors="0" timestamp="2022-08-08T09:34:26 IDT" skipped="0">
  <testcase classname="academySite.ValidDataNavigationBar" name="checkValidationOfNavigation" time="5.086"/>
  <system-out/>
</testsuite> <!-- academySite.ValidDataNavigationBar -->
