<?xml version="1.0" encoding="UTF-8"?>
<!-- Generated by org.testng.reporters.JUnitReportReporter -->
<testsuite hostname="DESKTOP-GMMHS1E" failures="0" tests="1" name="AcademySite.HomePage" time="24.934" errors="0" timestamp="2022-08-02T18:44:19 IDT" skipped="0">
  <testcase classname="AcademySite.HomePage" name="basePageNavigation" time="24.934"/>
  <system-out/>
</testsuite> <!-- AcademySite.HomePage -->
