<?xml version="1.0" encoding="UTF-8"?>
<!-- Generated by org.testng.reporters.JUnitReportReporter -->
<testsuite hostname="DESKTOP-GMMHS1E" failures="0" tests="1" name="AcademySite.AcdaemySiteTestMain" time="17.143" errors="0" timestamp="2022-08-05T16:20:39 IDT" skipped="0">
  <testcase classname="AcademySite.AcdaemySiteTestMain" name="basePageNavigation" time="17.143"/>
  <system-out/>
</testsuite> <!-- AcademySite.AcdaemySiteTestMain -->
